<?xml version="1.0" encoding="UTF-8"?>
<testsuites name="jest tests" tests="1" failures="0" time="2.756">
  <testsuite name="placeholder test" errors="0" failures="0" skipped="0" timestamp="2020-07-06T19:19:50" time="0.861" tests="1">
    <testcase classname="placeholder test should return true" name="placeholder test should return true" time="0.004">
    </testcase>
  </testsuite>
</testsuites>